<?xml version="1.0" encoding="UTF-8"?>
<testsuite name="ru.netology.testmode.test.AuthTest" tests="5" skipped="0" failures="0" errors="0" timestamp="2026-01-10T18:17:45" hostname="WIN-HOM6DEL2LH0" time="5.42">
  <properties/>
  <testcase name="Should get error message if login with not registered user" classname="ru.netology.testmode.test.AuthTest" time="3.001"/>
  <testcase name="Should get error message if login with blocked registered user" classname="ru.netology.testmode.test.AuthTest" time="1.075"/>
  <testcase name="Should successfully login with active registered user" classname="ru.netology.testmode.test.AuthTest" time="0.268"/>
  <testcase name="Should get error message if login with wrong password" classname="ru.netology.testmode.test.AuthTest" time="0.531"/>
  <testcase name="Should get error message if login with wrong login" classname="ru.netology.testmode.test.AuthTest" time="0.543"/>
  <system-out><![CDATA[Request method:	POST
Request URI:	http://localhost:9999/api/system/users
Proxy:			<none>
Request params:	<none>
Query params:	<none>
Form params:	<none>
Path params:	<none>
Headers:		Accept=application/json, application/javascript, text/javascript, text/json
				Content-Type=application/json
Cookies:		<none>
Multiparts:		<none>
Body:
{
    "login": "rufina.lowe",
    "password": "40aaii4rpp9u7nu",
    "status": "blocked"
}
Request method:	POST
Request URI:	http://localhost:9999/api/system/users
Proxy:			<none>
Request params:	<none>
Query params:	<none>
Form params:	<none>
Path params:	<none>
Headers:		Accept=application/json, application/javascript, text/javascript, text/json
				Content-Type=application/json
Cookies:		<none>
Multiparts:		<none>
Body:
{
    "login": "lawanda.mcglynn",
    "password": "wukaufqcli1zxh",
    "status": "active"
}
Request method:	POST
Request URI:	http://localhost:9999/api/system/users
Proxy:			<none>
Request params:	<none>
Query params:	<none>
Form params:	<none>
Path params:	<none>
Headers:		Accept=application/json, application/javascript, text/javascript, text/json
				Content-Type=application/json
Cookies:		<none>
Multiparts:		<none>
Body:
{
    "login": "agripina.reinger",
    "password": "jdq5jpn2338ppq",
    "status": "active"
}
Request method:	POST
Request URI:	http://localhost:9999/api/system/users
Proxy:			<none>
Request params:	<none>
Query params:	<none>
Form params:	<none>
Path params:	<none>
Headers:		Accept=application/json, application/javascript, text/javascript, text/json
				Content-Type=application/json
Cookies:		<none>
Multiparts:		<none>
Body:
{
    "login": "kareen.labadie",
    "password": "1o905c2p0gj7",
    "status": "active"
}
]]></system-out>
  <system-err><![CDATA[[Test worker] INFO com.codeborne.selenide.impl.WebDriverThreadLocalContainer - No webdriver is bound to current thread: 1 - let's create a new webdriver
[Test worker] INFO com.codeborne.selenide.impl.FileHelper - Creating folder: C:\Users\user\Desktop\Java_HW-3.2\build\downloads\1768069065710_5776_1
[Test worker] INFO com.codeborne.selenide.webdriver.SelenideNettyClientFactory - Changed readTimeout from PT3M to PT1M30S
[Test worker] INFO com.codeborne.selenide.webdriver.SelenideNettyClientFactory - Changed readTimeout from PT3M to PT1M30S
янв. 10, 2026 9:17:47 PM org.openqa.selenium.devtools.CdpVersionFinder findNearestMatch
WARNING: Unable to find CDP implementation matching 143
янв. 10, 2026 9:17:47 PM org.openqa.selenium.chromium.ChromiumDriver lambda$new$5
WARNING: Unable to find version of CDP to use for 143.0.7499.171. You may need to include a dependency on a specific version of the CDP using something similar to `org.seleniumhq.selenium:selenium-devtools-v86:4.13.0` where the version ("v86") matches the version of the chromium-based browser you're using and the version number of the artifact is the same as Selenium's.
[Test worker] INFO com.codeborne.selenide.webdriver.WebDriverFactory - BrowserName=chrome Version=143.0.7499.171 Platform=windows
[Test worker] INFO com.codeborne.selenide.webdriver.WebDriverFactory - Selenide v. 6.19.1
[Test worker] INFO com.codeborne.selenide.webdriver.WebDriverFactory - Selenium WebDriver v. 4.13.0 build revision: ba948ece5b*
[Test worker] INFO com.codeborne.selenide.drivercommands.CreateDriverCommand - Created webdriver in thread 1: ChromeDriver -> ChromeDriver: chrome on windows (151204a166e7acb40f0f8e1e32651015)
[Test worker] INFO com.codeborne.selenide.drivercommands.DisposablesRegistry - Register WebDriverInstance[config=StaticConfig,webDriver=ChromeDriver: chrome on windows (151204a166e7acb40f0f8e1e32651015),proxy=null,downloadsFolder=C:\Users\user\Desktop\Java_HW-3.2\build\downloads\1768069065710_5776_1] in 1 [size=1]
[Test worker] INFO com.codeborne.selenide.drivercommands.DisposablesRegistry - Add shutdown hook in 1 [size=1]
]]></system-err>
</testsuite>
